<?xml version="1.0" encoding="utf-8"?>
<TestRun id="44fcc124-f543-45cf-920b-668b302b7aa1" name="Conta@VINICIUS-SILVA 2025-12-03 15:12:47" runUser="VINICIUS-SILVA\Conta" xmlns="http://microsoft.com/schemas/VisualStudio/TeamTest/2010">
  <Times creation="2025-12-03T15:12:47.9836330-03:00" queuing="2025-12-03T15:12:47.9836332-03:00" start="2025-12-03T15:12:47.1002682-03:00" finish="2025-12-03T15:12:47.9840116-03:00" />
  <TestSettings name="default" id="0f90eb8f-d199-4b51-b97c-5331ddc0c80e">
    <Deployment runDeploymentRoot="Conta_VINICIUS-SILVA_2025-12-03_15_12_47" />
  </TestSettings>
  <TestLists>
    <TestList name="Resultados que não estão em uma lista" id="8c84fa94-04c1-424b-9868-57a2d4851a1d" />
    <TestList name="Todos os resultados carregados" id="19431567-8539-422a-85d7-44ee4e166bda" />
  </TestLists>
  <ResultSummary outcome="Completed">
    <Counters total="0" executed="0" passed="0" failed="0" error="0" timeout="0" aborted="0" inconclusive="0" passedButRunAborted="0" notRunnable="0" notExecuted="0" disconnected="0" warning="0" completed="0" inProgress="0" pending="0" />
    <Output>
      <StdOut>NUnit Adapter 4.5.0.0: Test execution started&#xD;
Running all tests in C:\Users\Conta\OneDrive\Documentos\GitHub\ava-qa-dynamics\src\AvaEdu\bin\Debug\net462\AvaEdu.dll&#xD;
   NUnit3TestExecutor discovered 0 of 0 NUnit test cases using Current Discovery mode, Explicit run&#xD;
NUnit Adapter 4.5.0.0: Test execution complete&#xD;
</StdOut>
    </Output>
    <RunInfos>
      <RunInfo computerName="VINICIUS-SILVA" outcome="Warning" timestamp="2025-12-03T15:12:47.9265073-03:00">
        <Text>Não há nenhum teste disponível em C:\Users\Conta\OneDrive\Documentos\GitHub\ava-qa-dynamics\src\AvaEdu\bin\Debug\net462\AvaEdu.dll. Verifique se o detector e os executores de teste estão registrados e se as configurações de versão da estrutura da plataforma &amp; são apropriadas e tente novamente.</Text>
      </RunInfo>
    </RunInfos>
  </ResultSummary>
</TestRun>